<?xml version="1.0" encoding="UTF-8"?>
<testsuite xmlns:xsi="http://www.w3.org/2001/XMLSchema-instance" xsi:noNamespaceSchemaLocation="https://maven.apache.org/surefire/maven-surefire-plugin/xsd/surefire-test-report.xsd" name="com.saha.maven.AppTest" time="0.078" tests="1" errors="0" skipped="0" failures="0">
  <properties>
    <property name="sun.desktop" value="windows"/>
    <property name="awt.toolkit" value="sun.awt.windows.WToolkit"/>
    <property name="file.encoding.pkg" value="sun.io"/>
    <property name="java.specification.version" value="1.8"/>
    <property name="sun.cpu.isalist" value="pentium_pro+mmx pentium_pro pentium+mmx pentium i486 i386 i86"/>
    <property name="sun.jnu.encoding" value="Cp1252"/>
    <property name="java.class.path" value="D:\HandsOn\Maven\my-app\target\test-classes;D:\HandsOn\Maven\my-app\target\classes;C:\Users\B Saha\.m2\repository\junit\junit\4.11\junit-4.11.jar;C:\Users\B Saha\.m2\repository\org\hamcrest\hamcrest-core\1.3\hamcrest-core-1.3.jar;"/>
    <property name="java.vm.vendor" value="Oracle Corporation"/>
    <property name="sun.arch.data.model" value="32"/>
    <property name="user.variant" value=""/>
    <property name="java.vendor.url" value="http://java.oracle.com/"/>
    <property name="user.timezone" value="Asia/Calcutta"/>
    <property name="java.vm.specification.version" value="1.8"/>
    <property name="os.name" value="Windows 7"/>
    <property name="user.country" value="US"/>
    <property name="sun.java.launcher" value="SUN_STANDARD"/>
    <property name="sun.boot.library.path" value="D:\Program Files\Java\jdk1.8.0_141\jre\bin"/>
    <property name="sun.java.command" value="C:\Users\BSAHA~1\AppData\Local\Temp\surefire408681941692611722\surefirebooter8311583019024891615.jar C:\Users\B Saha\AppData\Local\Temp\surefire408681941692611722 2020-02-22T03-34-16_165-jvmRun1 surefire4121489608600358278tmp surefire_06440268977439189471tmp"/>
    <property name="surefire.test.class.path" value="D:\HandsOn\Maven\my-app\target\test-classes;D:\HandsOn\Maven\my-app\target\classes;C:\Users\B Saha\.m2\repository\junit\junit\4.11\junit-4.11.jar;C:\Users\B Saha\.m2\repository\org\hamcrest\hamcrest-core\1.3\hamcrest-core-1.3.jar;"/>
    <property name="sun.cpu.endian" value="little"/>
    <property name="user.home" value="C:\Users\B Saha"/>
    <property name="user.language" value="en"/>
    <property name="java.specification.vendor" value="Oracle Corporation"/>
    <property name="java.home" value="D:\Program Files\Java\jdk1.8.0_141\jre"/>
    <property name="basedir" value="D:\HandsOn\Maven\my-app"/>
    <property name="file.separator" value="\"/>
    <property name="line.separator" value="&#10;"/>
    <property name="java.vm.specification.vendor" value="Oracle Corporation"/>
    <property name="java.specification.name" value="Java Platform API Specification"/>
    <property name="java.awt.graphicsenv" value="sun.awt.Win32GraphicsEnvironment"/>
    <property name="surefire.real.class.path" value="C:\Users\BSAHA~1\AppData\Local\Temp\surefire408681941692611722\surefirebooter8311583019024891615.jar"/>
    <property name="sun.boot.class.path" value="D:\Program Files\Java\jdk1.8.0_141\jre\lib\resources.jar;D:\Program Files\Java\jdk1.8.0_141\jre\lib\rt.jar;D:\Program Files\Java\jdk1.8.0_141\jre\lib\sunrsasign.jar;D:\Program Files\Java\jdk1.8.0_141\jre\lib\jsse.jar;D:\Program Files\Java\jdk1.8.0_141\jre\lib\jce.jar;D:\Program Files\Java\jdk1.8.0_141\jre\lib\charsets.jar;D:\Program Files\Java\jdk1.8.0_141\jre\lib\jfr.jar;D:\Program Files\Java\jdk1.8.0_141\jre\classes"/>
    <property name="user.script" value=""/>
    <property name="sun.management.compiler" value="HotSpot Client Compiler"/>
    <property name="java.runtime.version" value="1.8.0_141-b15"/>
    <property name="user.name" value="B Saha"/>
    <property name="path.separator" value=";"/>
    <property name="os.version" value="6.1"/>
    <property name="java.endorsed.dirs" value="D:\Program Files\Java\jdk1.8.0_141\jre\lib\endorsed"/>
    <property name="java.runtime.name" value="Java(TM) SE Runtime Environment"/>
    <property name="file.encoding" value="Cp1252"/>
    <property name="java.vm.name" value="Java HotSpot(TM) Client VM"/>
    <property name="localRepository" value="C:\Users\B Saha\.m2\repository"/>
    <property name="java.vendor.url.bug" value="http://bugreport.sun.com/bugreport/"/>
    <property name="java.io.tmpdir" value="C:\Users\BSAHA~1\AppData\Local\Temp\"/>
    <property name="java.version" value="1.8.0_141"/>
    <property name="user.dir" value="D:\HandsOn\Maven\my-app"/>
    <property name="os.arch" value="x86"/>
    <property name="java.vm.specification.name" value="Java Virtual Machine Specification"/>
    <property name="java.awt.printerjob" value="sun.awt.windows.WPrinterJob"/>
    <property name="sun.os.patch.level" value="Service Pack 1"/>
    <property name="java.library.path" value="D:\Program Files\Java\jdk1.8.0_141\jre\bin;C:\Windows\Sun\Java\bin;C:\Windows\system32;C:\Windows;C:\Program Files\Common Files\Oracle\Java\javapath;C:\ProgramData\Oracle\Java\javapath;D:\Program Files\Java\jdk1.8.0_141\bin;E:\CollabNet\Subversion Client;D:\PHP\;E:\oraclexe\app\oracle\product\11.2.0\server\bin;C:\Windows\system32;C:\Windows;C:\Windows\System32\Wbem;C:\Windows\System32\WindowsPowerShell\v1.0\;C:\Program Files\Leawo\Youtube Download;C:\Program Files\MySQL\MySQL Utilities 1.3.4\;C:\Program Files\Subversion\bin;D:\ZEND\ZendFramework-1.12.3\bin;D:\apache-ant-1.9.4\bin;C:\Program Files\QuickTime\QTSystem\;C:\Program Files\apache-maven-3.5.0\bin;C:\Program Files\Skype\Phone\;D:\Program Files\nodejs\;D:\install\nodejs\curl-7.57.0-win32-mingw\bin;C:\Program Files\Git\cmd;C:\Program Files\Microsoft VS Code\bin;C:\Users\B Saha\AppData\Roaming\npm;C:\Program Files\Microsoft VS Code\bin;."/>
    <property name="java.vm.info" value="mixed mode"/>
    <property name="java.vendor" value="Oracle Corporation"/>
    <property name="java.vm.version" value="25.141-b15"/>
    <property name="java.ext.dirs" value="D:\Program Files\Java\jdk1.8.0_141\jre\lib\ext;C:\Windows\Sun\Java\lib\ext"/>
    <property name="sun.io.unicode.encoding" value="UnicodeLittle"/>
    <property name="java.class.version" value="52.0"/>
  </properties>
  <testcase name="shouldAnswerWithTrue" classname="com.saha.maven.AppTest" time="0.002"/>
</testsuite>